Sender: LSF System <lsfadmin@c-195-42>
Subject: Job 242496: <SandN_both_1to2> in cluster <killdevil> Exited

Job <SandN_both_1to2> was submitted from host <killdevil-login2> by user <ttuttle> in cluster <killdevil>.
Job was executed on host(s) <c-195-42>, in queue <day>, as user <ttuttle> in cluster <killdevil>.
</nas02/home/t/t/ttuttle> was used as the home directory.
</nas02/home/t/t/ttuttle/exp-ttuttle/cds> was used as the working directory.
Started at Sun Apr  2 12:29:56 2017
Results reported on Sun Apr  2 13:21:59 2017

Your job looked like:

------------------------------------------------------------
# LSBATCH: User input
#BSUB -J SandN_both_1to2
#BSUB -q day
#BSUB -o SandN_both_1to2-%J.output
/webdex/expir/indri/indri-5.4/runquery/IndriRunQuery /webdex/expir/ttuttle/cds/SandN_both_1to2.xml -index=/webdex/expir/index/pmc -count=1000 -trecFormat=true > /webdex/expir/ttuttle/cds/SandN_both_1to2.results
/webdex/expir/script/trec_eval.9.0/trec_eval -q /webdex/expir/corpus/pmc/qrels.txt /webdex/expir/ttuttle/cds/cds/SandN_both_1to2.results > /webdex/expir/ttuttle/cds/SandN_both_1to2.stats

------------------------------------------------------------

Exited with exit code 2.

Resource usage summary:

    CPU time :                                   3012.06 sec.
    Max Memory :                                 1 GB
    Average Memory :                             0.25 GB
    Total Requested Memory :                     0.50 GB
    Delta Memory :                               -0.50 GB
    Max Swap :                                   1 GB
    Max Processes :                              4
    Max Threads :                                6
    Run time :                                   3123 sec.
    Turnaround time :                            3129 sec.

The output (if any) follows:

trec_eval.get_results: Cannot read results file '/webdex/expir/ttuttle/cds/cds/SandN_both_1to2.results'
trec_eval: Quit in file '/webdex/expir/ttuttle/cds/cds/SandN_both_1to2.results'
