Sender: LSF System <lsfadmin@c-196-04>
Subject: Job 237981: <SandN_summaryOnly> in cluster <killdevil> Exited

Job <SandN_summaryOnly> was submitted from host <killdevil-login2> by user <ttuttle> in cluster <killdevil>.
Job was executed on host(s) <c-196-04>, in queue <day>, as user <ttuttle> in cluster <killdevil>.
</nas02/home/t/t/ttuttle> was used as the home directory.
</webdex/expir/ttuttle/cds> was used as the working directory.
Started at Sun Apr  2 12:09:38 2017
Results reported on Sun Apr  2 12:15:13 2017

Your job looked like:

------------------------------------------------------------
# LSBATCH: User input
#BSUB -J SandN_summaryOnly
#BSUB -q day
#BSUB -o SandN_summaryOnly-%J.output
/webdex/expir/indri/indri-5.4/runquery/IndriRunQuery /webdex/expir/ttuttle/cds/SandN_summaryOnly.xml -index=/webdex/expir/index/pmc -count=1000 -trecFormat=true > /webdex/expir/ttuttle/cds/SandN_summaryOnly.results
/webdex/expir/script/trec_eval.9.0/trec_eval -q /webdex/expir/corpus/pmc/qrels.txt /webdex/expir/ttuttle/cds/cds/SandN_summaryOnly.results > /webdex/expir/ttuttle/cds/SandN_summaryOnly.stats

------------------------------------------------------------

Exited with exit code 2.

Resource usage summary:

    CPU time :                                   292.89 sec.
    Total Requested Memory :                     0.50 GB
    Delta Memory :                               -
    Max Processes :                              4
    Max Threads :                                6
    Run time :                                   335 sec.
    Turnaround time :                            343 sec.

The output (if any) follows:

trec_eval.get_results: Cannot read results file '/webdex/expir/ttuttle/cds/cds/SandN_summaryOnly.results'
trec_eval: Quit in file '/webdex/expir/ttuttle/cds/cds/SandN_summaryOnly.results'
